Error executing FreeMarker template
freemarker.core._TemplateModelException: Java method "com.imooc.dataobject.ProductInfo.getProductEnum()" threw an exception when invoked on com.imooc.dataobject.ProductInfo object "ProductInfo(productId=123456, productName=皮蛋粥, productPrice=3.20, productStock=99, productDescription=好恰, productIcon=http://sss.jpg, productStatus=null, categoryType=10, createTime=2018-12-02 04:32:34.0, updateTime=2018-12-27 03:04:12.0)"; see cause exception in the Java stack trace.

----
FTL stack trace ("~" means nesting-related):
	- Failed at: #if productInfo.getProductEnum().mess...  [in template "product/list.ftl" at line 42, column 29]
----
	at freemarker.ext.beans._MethodUtil.newInvocationTemplateModelException(_MethodUtil.java:289)
	at freemarker.ext.beans._MethodUtil.newInvocationTemplateModelException(_MethodUtil.java:252)
	at freemarker.ext.beans.SimpleMethodModel.exec(SimpleMethodModel.java:77)
	at freemarker.core.MethodCall._eval(MethodCall.java:65)
	at freemarker.core.Expression.eval(Expression.java:83)
	at freemarker.core.Dot._eval(Dot.java:41)
	at freemarker.core.Expression.eval(Expression.java:83)
	at freemarker.core.EvalUtil.compare(EvalUtil.java:113)
	at freemarker.core.ComparisonExpression.evalToBoolean(ComparisonExpression.java:62)
	at freemarker.core.IfBlock.accept(IfBlock.java:49)
	at freemarker.core.Environment.visit(Environment.java:366)
	at freemarker.core.IteratorBlock$IterationContext.executedNestedContentForCollOrSeqListing(IteratorBlock.java:317)
	at freemarker.core.IteratorBlock$IterationContext.executeNestedContent(IteratorBlock.java:271)
	at freemarker.core.IteratorBlock$IterationContext.accept(IteratorBlock.java:242)
	at freemarker.core.Environment.visitIteratorBlock(Environment.java:642)
	at freemarker.core.IteratorBlock.acceptWithResult(IteratorBlock.java:107)
	at freemarker.core.IteratorBlock.accept(IteratorBlock.java:93)
	at freemarker.core.Environment.visit(Environment.java:330)
	at freemarker.core.Environment.visit(Environment.java:336)
	at freemarker.core.Environment.process(Environment.java:309)
	at freemarker.template.Template.process(Template.java:384)
	at org.springframework.web.servlet.view.freemarker.FreeMarkerView.processTemplate(FreeMarkerView.java:389)
	at org.springframework.web.servlet.view.freemarker.FreeMarkerView.doRender(FreeMarkerView.java:302)
	at org.springframework.web.servlet.view.freemarker.FreeMarkerView.renderMergedTemplateModel(FreeMarkerView.java:253)
	at org.springframework.web.servlet.view.AbstractTemplateView.renderMergedOutputModel(AbstractTemplateView.java:178)
	at org.springframework.web.servlet.view.AbstractView.render(AbstractView.java:316)
	at org.springframework.web.servlet.DispatcherServlet.render(DispatcherServlet.java:1370)
	at org.springframework.web.servlet.DispatcherServlet.processDispatchResult(DispatcherServlet.java:1116)
	at org.springframework.web.servlet.DispatcherServlet.doDispatch(DispatcherServlet.java:1055)
	at org.springframework.web.servlet.DispatcherServlet.doService(DispatcherServlet.java:942)
	at org.springframework.web.servlet.FrameworkServlet.processRequest(FrameworkServlet.java:1005)
	at org.springframework.web.servlet.FrameworkServlet.doGet(FrameworkServlet.java:897)
	at javax.servlet.http.HttpServlet.service(HttpServlet.java:634)
	at org.springframework.web.servlet.FrameworkServlet.service(FrameworkServlet.java:882)
	at javax.servlet.http.HttpServlet.service(HttpServlet.java:741)
	at org.apache.catalina.core.ApplicationFilterChain.internalDoFilter(ApplicationFilterChain.java:231)
	at org.apache.catalina.core.ApplicationFilterChain.doFilter(ApplicationFilterChain.java:166)
	at org.apache.tomcat.websocket.server.WsFilter.doFilter(WsFilter.java:53)
	at org.apache.catalina.core.ApplicationFilterChain.internalDoFilter(ApplicationFilterChain.java:193)
	at org.apache.catalina.core.ApplicationFilterChain.doFilter(ApplicationFilterChain.java:166)
	at org.springframework.web.filter.RequestContextFilter.doFilterInternal(RequestContextFilter.java:99)
	at org.springframework.web.filter.OncePerRequestFilter.doFilter(OncePerRequestFilter.java:107)
	at org.apache.catalina.core.ApplicationFilterChain.internalDoFilter(ApplicationFilterChain.java:193)
	at org.apache.catalina.core.ApplicationFilterChain.doFilter(ApplicationFilterChain.java:166)
	at org.springframework.web.filter.FormContentFilter.doFilterInternal(FormContentFilter.java:92)
	at org.springframework.web.filter.OncePerRequestFilter.doFilter(OncePerRequestFilter.java:107)
	at org.apache.catalina.core.ApplicationFilterChain.internalDoFilter(ApplicationFilterChain.java:193)
	at org.apache.catalina.core.ApplicationFilterChain.doFilter(ApplicationFilterChain.java:166)
	at org.springframework.web.filter.HiddenHttpMethodFilter.doFilterInternal(HiddenHttpMethodFilter.java:93)
	at org.springframework.web.filter.OncePerRequestFilter.doFilter(OncePerRequestFilter.java:107)
	at org.apache.catalina.core.ApplicationFilterChain.internalDoFilter(ApplicationFilterChain.java:193)
	at org.apache.catalina.core.ApplicationFilterChain.doFilter(ApplicationFilterChain.java:166)
	at org.springframework.web.filter.CharacterEncodingFilter.doFilterInternal(CharacterEncodingFilter.java:200)
	at org.springframework.web.filter.OncePerRequestFilter.doFilter(OncePerRequestFilter.java:107)
	at org.apache.catalina.core.ApplicationFilterChain.internalDoFilter(ApplicationFilterChain.java:193)
	at org.apache.catalina.core.ApplicationFilterChain.doFilter(ApplicationFilterChain.java:166)
	at org.apache.catalina.core.StandardWrapperValve.invoke(StandardWrapperValve.java:199)
	at org.apache.catalina.core.StandardContextValve.invoke(StandardContextValve.java:96)
	at org.apache.catalina.authenticator.AuthenticatorBase.invoke(AuthenticatorBase.java:490)
	at org.apache.catalina.core.StandardHostValve.invoke(StandardHostValve.java:139)
	at org.apache.catalina.valves.ErrorReportValve.invoke(ErrorReportValve.java:92)
	at org.apache.catalina.core.StandardEngineValve.invoke(StandardEngineValve.java:74)
	at org.apache.catalina.connector.CoyoteAdapter.service(CoyoteAdapter.java:343)
	at org.apache.coyote.http11.Http11Processor.service(Http11Processor.java:408)
	at org.apache.coyote.AbstractProcessorLight.process(AbstractProcessorLight.java:66)
	at org.apache.coyote.AbstractProtocol$ConnectionHandler.process(AbstractProtocol.java:791)
	at org.apache.tomcat.util.net.NioEndpoint$SocketProcessor.doRun(NioEndpoint.java:1417)
	at org.apache.tomcat.util.net.SocketProcessorBase.run(SocketProcessorBase.java:49)
	at java.util.concurrent.ThreadPoolExecutor.runWorker(ThreadPoolExecutor.java:1149)
	at java.util.concurrent.ThreadPoolExecutor$Worker.run(ThreadPoolExecutor.java:624)
	at org.apache.tomcat.util.threads.TaskThread$WrappingRunnable.run(TaskThread.java:61)
	at java.lang.Thread.run(Thread.java:748)
Caused by: java.lang.NullPointerException: null
	at com.imooc.utils.EnumUtil.getByCode(EnumUtil.java:13)
	at com.imooc.dataobject.ProductInfo.getProductEnum(ProductInfo.java:61)
	at sun.reflect.NativeMethodAccessorImpl.invoke0(Native Method)
	at sun.reflect.NativeMethodAccessorImpl.invoke(NativeMethodAccessorImpl.java:62)
	at sun.reflect.DelegatingMethodAccessorImpl.invoke(DelegatingMethodAccessorImpl.java:43)
	at java.lang.reflect.Method.invoke(Method.java:498)
	at freemarker.ext.beans.BeansWrapper.invokeMethod(BeansWrapper.java:1505)
	at freemarker.ext.beans.SimpleMethodModel.exec(SimpleMethodModel.java:72)
	... 69 common frames omitted
Servlet.service() for servlet [dispatcherServlet] in context with path [/sell] threw exception [Request processing failed; nested exception is freemarker.core._TemplateModelException: Java method "com.imooc.dataobject.ProductInfo.getProductEnum()" threw an exception when invoked on com.imooc.dataobject.ProductInfo object "ProductInfo(productId=123456, productName=皮蛋粥, productPrice=3.20, productStock=99, productDescription=好恰, productIcon=http://sss.jpg, productStatus=null, categoryType=10, createTime=2018-12-02 04:32:34.0, updateTime=2018-12-27 03:04:12.0)"; see cause exception in the Java stack trace.

----
FTL stack trace ("~" means nesting-related):
	- Failed at: #if productInfo.getProductEnum().mess...  [in template "product/list.ftl" at line 42, column 29]
----] with root cause
java.lang.NullPointerException: null
	at com.imooc.utils.EnumUtil.getByCode(EnumUtil.java:13)
	at com.imooc.dataobject.ProductInfo.getProductEnum(ProductInfo.java:61)
	at sun.reflect.NativeMethodAccessorImpl.invoke0(Native Method)
	at sun.reflect.NativeMethodAccessorImpl.invoke(NativeMethodAccessorImpl.java:62)
	at sun.reflect.DelegatingMethodAccessorImpl.invoke(DelegatingMethodAccessorImpl.java:43)
	at java.lang.reflect.Method.invoke(Method.java:498)
	at freemarker.ext.beans.BeansWrapper.invokeMethod(BeansWrapper.java:1505)
	at freemarker.ext.beans.SimpleMethodModel.exec(SimpleMethodModel.java:72)
	at freemarker.core.MethodCall._eval(MethodCall.java:65)
	at freemarker.core.Expression.eval(Expression.java:83)
	at freemarker.core.Dot._eval(Dot.java:41)
	at freemarker.core.Expression.eval(Expression.java:83)
	at freemarker.core.EvalUtil.compare(EvalUtil.java:113)
	at freemarker.core.ComparisonExpression.evalToBoolean(ComparisonExpression.java:62)
	at freemarker.core.IfBlock.accept(IfBlock.java:49)
	at freemarker.core.Environment.visit(Environment.java:366)
	at freemarker.core.IteratorBlock$IterationContext.executedNestedContentForCollOrSeqListing(IteratorBlock.java:317)
	at freemarker.core.IteratorBlock$IterationContext.executeNestedContent(IteratorBlock.java:271)
	at freemarker.core.IteratorBlock$IterationContext.accept(IteratorBlock.java:242)
	at freemarker.core.Environment.visitIteratorBlock(Environment.java:642)
	at freemarker.core.IteratorBlock.acceptWithResult(IteratorBlock.java:107)
	at freemarker.core.IteratorBlock.accept(IteratorBlock.java:93)
	at freemarker.core.Environment.visit(Environment.java:330)
	at freemarker.core.Environment.visit(Environment.java:336)
	at freemarker.core.Environment.process(Environment.java:309)
	at freemarker.template.Template.process(Template.java:384)
	at org.springframework.web.servlet.view.freemarker.FreeMarkerView.processTemplate(FreeMarkerView.java:389)
	at org.springframework.web.servlet.view.freemarker.FreeMarkerView.doRender(FreeMarkerView.java:302)
	at org.springframework.web.servlet.view.freemarker.FreeMarkerView.renderMergedTemplateModel(FreeMarkerView.java:253)
	at org.springframework.web.servlet.view.AbstractTemplateView.renderMergedOutputModel(AbstractTemplateView.java:178)
	at org.springframework.web.servlet.view.AbstractView.render(AbstractView.java:316)
	at org.springframework.web.servlet.DispatcherServlet.render(DispatcherServlet.java:1370)
	at org.springframework.web.servlet.DispatcherServlet.processDispatchResult(DispatcherServlet.java:1116)
	at org.springframework.web.servlet.DispatcherServlet.doDispatch(DispatcherServlet.java:1055)
	at org.springframework.web.servlet.DispatcherServlet.doService(DispatcherServlet.java:942)
	at org.springframework.web.servlet.FrameworkServlet.processRequest(FrameworkServlet.java:1005)
	at org.springframework.web.servlet.FrameworkServlet.doGet(FrameworkServlet.java:897)
	at javax.servlet.http.HttpServlet.service(HttpServlet.java:634)
	at org.springframework.web.servlet.FrameworkServlet.service(FrameworkServlet.java:882)
	at javax.servlet.http.HttpServlet.service(HttpServlet.java:741)
	at org.apache.catalina.core.ApplicationFilterChain.internalDoFilter(ApplicationFilterChain.java:231)
	at org.apache.catalina.core.ApplicationFilterChain.doFilter(ApplicationFilterChain.java:166)
	at org.apache.tomcat.websocket.server.WsFilter.doFilter(WsFilter.java:53)
	at org.apache.catalina.core.ApplicationFilterChain.internalDoFilter(ApplicationFilterChain.java:193)
	at org.apache.catalina.core.ApplicationFilterChain.doFilter(ApplicationFilterChain.java:166)
	at org.springframework.web.filter.RequestContextFilter.doFilterInternal(RequestContextFilter.java:99)
	at org.springframework.web.filter.OncePerRequestFilter.doFilter(OncePerRequestFilter.java:107)
	at org.apache.catalina.core.ApplicationFilterChain.internalDoFilter(ApplicationFilterChain.java:193)
	at org.apache.catalina.core.ApplicationFilterChain.doFilter(ApplicationFilterChain.java:166)
	at org.springframework.web.filter.FormContentFilter.doFilterInternal(FormContentFilter.java:92)
	at org.springframework.web.filter.OncePerRequestFilter.doFilter(OncePerRequestFilter.java:107)
	at org.apache.catalina.core.ApplicationFilterChain.internalDoFilter(ApplicationFilterChain.java:193)
	at org.apache.catalina.core.ApplicationFilterChain.doFilter(ApplicationFilterChain.java:166)
	at org.springframework.web.filter.HiddenHttpMethodFilter.doFilterInternal(HiddenHttpMethodFilter.java:93)
	at org.springframework.web.filter.OncePerRequestFilter.doFilter(OncePerRequestFilter.java:107)
	at org.apache.catalina.core.ApplicationFilterChain.internalDoFilter(ApplicationFilterChain.java:193)
	at org.apache.catalina.core.ApplicationFilterChain.doFilter(ApplicationFilterChain.java:166)
	at org.springframework.web.filter.CharacterEncodingFilter.doFilterInternal(CharacterEncodingFilter.java:200)
	at org.springframework.web.filter.OncePerRequestFilter.doFilter(OncePerRequestFilter.java:107)
	at org.apache.catalina.core.ApplicationFilterChain.internalDoFilter(ApplicationFilterChain.java:193)
	at org.apache.catalina.core.ApplicationFilterChain.doFilter(ApplicationFilterChain.java:166)
	at org.apache.catalina.core.StandardWrapperValve.invoke(StandardWrapperValve.java:199)
	at org.apache.catalina.core.StandardContextValve.invoke(StandardContextValve.java:96)
	at org.apache.catalina.authenticator.AuthenticatorBase.invoke(AuthenticatorBase.java:490)
	at org.apache.catalina.core.StandardHostValve.invoke(StandardHostValve.java:139)
	at org.apache.catalina.valves.ErrorReportValve.invoke(ErrorReportValve.java:92)
	at org.apache.catalina.core.StandardEngineValve.invoke(StandardEngineValve.java:74)
	at org.apache.catalina.connector.CoyoteAdapter.service(CoyoteAdapter.java:343)
	at org.apache.coyote.http11.Http11Processor.service(Http11Processor.java:408)
	at org.apache.coyote.AbstractProcessorLight.process(AbstractProcessorLight.java:66)
	at org.apache.coyote.AbstractProtocol$ConnectionHandler.process(AbstractProtocol.java:791)
	at org.apache.tomcat.util.net.NioEndpoint$SocketProcessor.doRun(NioEndpoint.java:1417)
	at org.apache.tomcat.util.net.SocketProcessorBase.run(SocketProcessorBase.java:49)
	at java.util.concurrent.ThreadPoolExecutor.runWorker(ThreadPoolExecutor.java:1149)
	at java.util.concurrent.ThreadPoolExecutor$Worker.run(ThreadPoolExecutor.java:624)
	at org.apache.tomcat.util.threads.TaskThread$WrappingRunnable.run(TaskThread.java:61)
	at java.lang.Thread.run(Thread.java:748)
Cannot render error page for request [/sell/seller/product/list] and exception [Java method "com.imooc.dataobject.ProductInfo.getProductEnum()" threw an exception when invoked on com.imooc.dataobject.ProductInfo object "ProductInfo(productId=123456, productName=皮蛋粥, productPrice=3.20, productStock=99, productDescription=好恰, productIcon=http://sss.jpg, productStatus=null, categoryType=10, createTime=2018-12-02 04:32:34.0, updateTime=2018-12-27 03:04:12.0)"; see cause exception in the Java stack trace.

----
FTL stack trace ("~" means nesting-related):
	- Failed at: #if productInfo.getProductEnum().mess...  [in template "product/list.ftl" at line 42, column 29]
----] as the response has already been committed. As a result, the response may have the wrong status code.
Unknown column 'sellerinfo0_.seller_id' in 'field list'
