Starting SellApplication on jiaokang with PID 16664 (C:\javaWorkSpace\sell\target\classes started by 17353 in C:\javaWorkSpace\sell)
No active profile set, falling back to default profiles: default
Multiple Spring Data modules found, entering strict repository configuration mode!
Bootstrapping Spring Data repositories in DEFAULT mode.
Finished Spring Data repository scanning in 255ms. Found 5 repository interfaces.
Multiple Spring Data modules found, entering strict repository configuration mode!
Bootstrapping Spring Data repositories in DEFAULT mode.
Spring Data Redis - Could not safely identify store assignment for repository candidate interface com.imooc.repository.OrderDetailRepository.
Spring Data Redis - Could not safely identify store assignment for repository candidate interface com.imooc.repository.OrderMasterRepository.
Spring Data Redis - Could not safely identify store assignment for repository candidate interface com.imooc.repository.ProductCategoryRespository.
Spring Data Redis - Could not safely identify store assignment for repository candidate interface com.imooc.repository.ProductInfoRespository.
Spring Data Redis - Could not safely identify store assignment for repository candidate interface com.imooc.repository.SellerInfoRepository.
Finished Spring Data repository scanning in 72ms. Found 0 repository interfaces.
Bean 'org.springframework.transaction.annotation.ProxyTransactionManagementConfiguration' of type [org.springframework.transaction.annotation.ProxyTransactionManagementConfiguration$$EnhancerBySpringCGLIB$$cd377d7e] is not eligible for getting processed by all BeanPostProcessors (for example: not eligible for auto-proxying)
Tomcat initialized with port(s): 8080 (http)
Initializing ProtocolHandler ["http-nio-8080"]
Starting service [Tomcat]
Starting Servlet Engine: Apache Tomcat/9.0.13
An older version [1.2.16] of the APR based Apache Tomcat Native library is installed, while Tomcat recommends a minimum version of [1.2.18]
Loaded APR based Apache Tomcat Native library [1.2.16] using APR version [1.6.3].
APR capabilities: IPv6 [true], sendfile [true], accept filters [false], random [true].
APR/OpenSSL configuration: useAprConnector [false], useOpenSSL [true]
OpenSSL successfully initialized [OpenSSL 1.0.2m  2 Nov 2017]
Initializing Spring embedded WebApplicationContext
Root WebApplicationContext: initialization completed in 5236 ms
HikariPool-1 - Starting...
Registered driver with driverClassName=com.mysql.jdbc.Driver was not found, trying direct instantiation.
HikariPool-1 - Start completed.
HHH000204: Processing PersistenceUnitInfo [
	name: default
	...]
HHH000412: Hibernate Core {5.3.7.Final}
HHH000206: hibernate.properties not found
HCANN000001: Hibernate Commons Annotations {5.0.4.Final}
HHH000400: Using dialect: org.hibernate.dialect.MySQL5Dialect
Initialized JPA EntityManagerFactory for persistence unit 'default'
Initializing ExecutorService 'applicationTaskExecutor'
spring.jpa.open-in-view is enabled by default. Therefore, database queries may be performed during view rendering. Explicitly configure spring.jpa.open-in-view to disable this warning
Starting ProtocolHandler ["http-nio-8080"]
Using a shared selector for servlet write/read
Tomcat started on port(s): 8080 (http) with context path '/sell'
Started SellApplication in 14.037 seconds (JVM running for 17.409)
Initializing Spring DispatcherServlet 'dispatcherServlet'
Initializing Servlet 'dispatcherServlet'
Completed initialization in 20 ms
HHH000397: Using ASTQueryTranslatorFactory
Starting without optional epoll library
Starting without optional kqueue library
Starting SellApplication on jiaokang with PID 16236 (C:\javaWorkSpace\sell\target\classes started by 17353 in C:\javaWorkSpace\sell)
No active profile set, falling back to default profiles: default
Multiple Spring Data modules found, entering strict repository configuration mode!
Bootstrapping Spring Data repositories in DEFAULT mode.
Finished Spring Data repository scanning in 263ms. Found 5 repository interfaces.
Multiple Spring Data modules found, entering strict repository configuration mode!
Bootstrapping Spring Data repositories in DEFAULT mode.
Spring Data Redis - Could not safely identify store assignment for repository candidate interface com.imooc.repository.OrderDetailRepository.
Spring Data Redis - Could not safely identify store assignment for repository candidate interface com.imooc.repository.OrderMasterRepository.
Spring Data Redis - Could not safely identify store assignment for repository candidate interface com.imooc.repository.ProductCategoryRespository.
Spring Data Redis - Could not safely identify store assignment for repository candidate interface com.imooc.repository.ProductInfoRespository.
Spring Data Redis - Could not safely identify store assignment for repository candidate interface com.imooc.repository.SellerInfoRepository.
Finished Spring Data repository scanning in 62ms. Found 0 repository interfaces.
Bean 'org.springframework.transaction.annotation.ProxyTransactionManagementConfiguration' of type [org.springframework.transaction.annotation.ProxyTransactionManagementConfiguration$$EnhancerBySpringCGLIB$$3e693d3] is not eligible for getting processed by all BeanPostProcessors (for example: not eligible for auto-proxying)
Tomcat initialized with port(s): 8080 (http)
Initializing ProtocolHandler ["http-nio-8080"]
Starting service [Tomcat]
Starting Servlet Engine: Apache Tomcat/9.0.13
An older version [1.2.16] of the APR based Apache Tomcat Native library is installed, while Tomcat recommends a minimum version of [1.2.18]
Loaded APR based Apache Tomcat Native library [1.2.16] using APR version [1.6.3].
APR capabilities: IPv6 [true], sendfile [true], accept filters [false], random [true].
APR/OpenSSL configuration: useAprConnector [false], useOpenSSL [true]
OpenSSL successfully initialized [OpenSSL 1.0.2m  2 Nov 2017]
Initializing Spring embedded WebApplicationContext
Root WebApplicationContext: initialization completed in 3794 ms
HikariPool-1 - Starting...
Registered driver with driverClassName=com.mysql.jdbc.Driver was not found, trying direct instantiation.
HikariPool-1 - Start completed.
HHH000204: Processing PersistenceUnitInfo [
	name: default
	...]
HHH000412: Hibernate Core {5.3.7.Final}
HHH000206: hibernate.properties not found
HCANN000001: Hibernate Commons Annotations {5.0.4.Final}
HHH000400: Using dialect: org.hibernate.dialect.MySQL5Dialect
Initialized JPA EntityManagerFactory for persistence unit 'default'
Exception encountered during context initialization - cancelling refresh attempt: org.springframework.boot.context.properties.ConfigurationPropertiesBindException: Error creating bean with name 'projectUrlConfig': Could not bind properties to 'ProjectUrlConfig' : prefix=projectUrl, ignoreInvalidFields=false, ignoreUnknownFields=true; nested exception is org.springframework.boot.context.properties.source.InvalidConfigurationPropertyNameException: Configuration property name 'projectUrl' is not valid
Closing JPA EntityManagerFactory for persistence unit 'default'
HikariPool-1 - Shutdown initiated...
HikariPool-1 - Shutdown completed.
Stopping service [Tomcat]


Error starting ApplicationContext. To display the conditions report re-run your application with 'debug' enabled.
Starting SellApplication on jiaokang with PID 3104 (C:\javaWorkSpace\sell\target\classes started by 17353 in C:\javaWorkSpace\sell)
No active profile set, falling back to default profiles: default
Multiple Spring Data modules found, entering strict repository configuration mode!
Bootstrapping Spring Data repositories in DEFAULT mode.
Finished Spring Data repository scanning in 277ms. Found 5 repository interfaces.
Multiple Spring Data modules found, entering strict repository configuration mode!
Bootstrapping Spring Data repositories in DEFAULT mode.
Spring Data Redis - Could not safely identify store assignment for repository candidate interface com.imooc.repository.OrderDetailRepository.
Spring Data Redis - Could not safely identify store assignment for repository candidate interface com.imooc.repository.OrderMasterRepository.
Spring Data Redis - Could not safely identify store assignment for repository candidate interface com.imooc.repository.ProductCategoryRespository.
Spring Data Redis - Could not safely identify store assignment for repository candidate interface com.imooc.repository.ProductInfoRespository.
Spring Data Redis - Could not safely identify store assignment for repository candidate interface com.imooc.repository.SellerInfoRepository.
Finished Spring Data repository scanning in 79ms. Found 0 repository interfaces.
Bean 'org.springframework.transaction.annotation.ProxyTransactionManagementConfiguration' of type [org.springframework.transaction.annotation.ProxyTransactionManagementConfiguration$$EnhancerBySpringCGLIB$$c2c8b097] is not eligible for getting processed by all BeanPostProcessors (for example: not eligible for auto-proxying)
Tomcat initialized with port(s): 8080 (http)
Initializing ProtocolHandler ["http-nio-8080"]
Starting service [Tomcat]
Starting Servlet Engine: Apache Tomcat/9.0.13
An older version [1.2.16] of the APR based Apache Tomcat Native library is installed, while Tomcat recommends a minimum version of [1.2.18]
Loaded APR based Apache Tomcat Native library [1.2.16] using APR version [1.6.3].
APR capabilities: IPv6 [true], sendfile [true], accept filters [false], random [true].
APR/OpenSSL configuration: useAprConnector [false], useOpenSSL [true]
OpenSSL successfully initialized [OpenSSL 1.0.2m  2 Nov 2017]
Initializing Spring embedded WebApplicationContext
Root WebApplicationContext: initialization completed in 5262 ms
HikariPool-1 - Starting...
Registered driver with driverClassName=com.mysql.jdbc.Driver was not found, trying direct instantiation.
HikariPool-1 - Start completed.
HHH000204: Processing PersistenceUnitInfo [
	name: default
	...]
HHH000412: Hibernate Core {5.3.7.Final}
HHH000206: hibernate.properties not found
HCANN000001: Hibernate Commons Annotations {5.0.4.Final}
HHH000400: Using dialect: org.hibernate.dialect.MySQL5Dialect
Initialized JPA EntityManagerFactory for persistence unit 'default'
Initializing ExecutorService 'applicationTaskExecutor'
spring.jpa.open-in-view is enabled by default. Therefore, database queries may be performed during view rendering. Explicitly configure spring.jpa.open-in-view to disable this warning
Starting ProtocolHandler ["http-nio-8080"]
Using a shared selector for servlet write/read
Tomcat started on port(s): 8080 (http) with context path '/sell'
Started SellApplication in 11.93 seconds (JVM running for 14.083)
Initializing Spring DispatcherServlet 'dispatcherServlet'
Initializing Servlet 'dispatcherServlet'
Completed initialization in 11 ms
HHH000397: Using ASTQueryTranslatorFactory
Starting without optional epoll library
Starting without optional kqueue library
Starting SellApplication on jiaokang with PID 8080 (C:\javaWorkSpace\sell\target\classes started by 17353 in C:\javaWorkSpace\sell)
No active profile set, falling back to default profiles: default
Multiple Spring Data modules found, entering strict repository configuration mode!
Bootstrapping Spring Data repositories in DEFAULT mode.
Finished Spring Data repository scanning in 249ms. Found 5 repository interfaces.
Multiple Spring Data modules found, entering strict repository configuration mode!
Bootstrapping Spring Data repositories in DEFAULT mode.
Spring Data Redis - Could not safely identify store assignment for repository candidate interface com.imooc.repository.OrderDetailRepository.
Spring Data Redis - Could not safely identify store assignment for repository candidate interface com.imooc.repository.OrderMasterRepository.
Spring Data Redis - Could not safely identify store assignment for repository candidate interface com.imooc.repository.ProductCategoryRespository.
Spring Data Redis - Could not safely identify store assignment for repository candidate interface com.imooc.repository.ProductInfoRespository.
Spring Data Redis - Could not safely identify store assignment for repository candidate interface com.imooc.repository.SellerInfoRepository.
Finished Spring Data repository scanning in 62ms. Found 0 repository interfaces.
Bean 'org.springframework.transaction.annotation.ProxyTransactionManagementConfiguration' of type [org.springframework.transaction.annotation.ProxyTransactionManagementConfiguration$$EnhancerBySpringCGLIB$$b16c7a97] is not eligible for getting processed by all BeanPostProcessors (for example: not eligible for auto-proxying)
Tomcat initialized with port(s): 8080 (http)
Initializing ProtocolHandler ["http-nio-8080"]
Starting service [Tomcat]
Starting Servlet Engine: Apache Tomcat/9.0.13
An older version [1.2.16] of the APR based Apache Tomcat Native library is installed, while Tomcat recommends a minimum version of [1.2.18]
Loaded APR based Apache Tomcat Native library [1.2.16] using APR version [1.6.3].
APR capabilities: IPv6 [true], sendfile [true], accept filters [false], random [true].
APR/OpenSSL configuration: useAprConnector [false], useOpenSSL [true]
OpenSSL successfully initialized [OpenSSL 1.0.2m  2 Nov 2017]
Initializing Spring embedded WebApplicationContext
Root WebApplicationContext: initialization completed in 3755 ms
HikariPool-1 - Starting...
Registered driver with driverClassName=com.mysql.jdbc.Driver was not found, trying direct instantiation.
HikariPool-1 - Start completed.
HHH000204: Processing PersistenceUnitInfo [
	name: default
	...]
HHH000412: Hibernate Core {5.3.7.Final}
HHH000206: hibernate.properties not found
HCANN000001: Hibernate Commons Annotations {5.0.4.Final}
HHH000400: Using dialect: org.hibernate.dialect.MySQL5Dialect
Initialized JPA EntityManagerFactory for persistence unit 'default'
Initializing ExecutorService 'applicationTaskExecutor'
spring.jpa.open-in-view is enabled by default. Therefore, database queries may be performed during view rendering. Explicitly configure spring.jpa.open-in-view to disable this warning
Starting ProtocolHandler ["http-nio-8080"]
Using a shared selector for servlet write/read
Tomcat started on port(s): 8080 (http) with context path '/sell'
Started SellApplication in 9.323 seconds (JVM running for 11.236)
Initializing Spring DispatcherServlet 'dispatcherServlet'
Initializing Servlet 'dispatcherServlet'
Completed initialization in 14 ms
HHH000397: Using ASTQueryTranslatorFactory
Starting without optional epoll library
Starting without optional kqueue library
